2021-11-05 15:31:55 - Neither @ContextConfiguration nor @ContextHierarchy found for test class [com.bharath.flightreservation.FlightreservationApplicationTests], using SpringBootContextLoader
2021-11-05 15:31:55 - Could not detect default resource locations for test class [com.bharath.flightreservation.FlightreservationApplicationTests]: no resource found for suffixes {-context.xml, Context.groovy}.
2021-11-05 15:31:55 - Could not detect default configuration classes for test class [com.bharath.flightreservation.FlightreservationApplicationTests]: FlightreservationApplicationTests does not declare any static, non-private, non-final, nested classes annotated with @Configuration.
2021-11-05 15:31:56 - Found @SpringBootConfiguration com.bharath.flightreservation.FlightreservationApplication for test class com.bharath.flightreservation.FlightreservationApplicationTests
2021-11-05 15:31:56 - Loaded default TestExecutionListener class names from location [META-INF/spring.factories]: [org.springframework.boot.test.mock.mockito.MockitoTestExecutionListener, org.springframework.boot.test.mock.mockito.ResetMocksTestExecutionListener, org.springframework.boot.test.autoconfigure.restdocs.RestDocsTestExecutionListener, org.springframework.boot.test.autoconfigure.web.client.MockRestServiceServerResetTestExecutionListener, org.springframework.boot.test.autoconfigure.web.servlet.MockMvcPrintOnlyOnFailureTestExecutionListener, org.springframework.boot.test.autoconfigure.web.servlet.WebDriverTestExecutionListener, org.springframework.boot.test.autoconfigure.webservices.client.MockWebServiceServerTestExecutionListener, org.springframework.test.context.web.ServletTestExecutionListener, org.springframework.test.context.support.DirtiesContextBeforeModesTestExecutionListener, org.springframework.test.context.event.ApplicationEventsTestExecutionListener, org.springframework.test.context.support.DependencyInjectionTestExecutionListener, org.springframework.test.context.support.DirtiesContextTestExecutionListener, org.springframework.test.context.transaction.TransactionalTestExecutionListener, org.springframework.test.context.jdbc.SqlScriptsTestExecutionListener, org.springframework.test.context.event.EventPublishingTestExecutionListener]
2021-11-05 15:31:56 - Using TestExecutionListeners: [org.springframework.test.context.web.ServletTestExecutionListener@51df223b, org.springframework.test.context.support.DirtiesContextBeforeModesTestExecutionListener@fd46303, org.springframework.test.context.event.ApplicationEventsTestExecutionListener@60d8c0dc, org.springframework.boot.test.mock.mockito.MockitoTestExecutionListener@4204541c, org.springframework.boot.test.autoconfigure.SpringBootDependencyInjectionTestExecutionListener@6a62689d, org.springframework.test.context.support.DirtiesContextTestExecutionListener@4602c2a9, org.springframework.test.context.transaction.TransactionalTestExecutionListener@60fa3495, org.springframework.test.context.jdbc.SqlScriptsTestExecutionListener@3e2822, org.springframework.test.context.event.EventPublishingTestExecutionListener@79e18e38, org.springframework.boot.test.mock.mockito.ResetMocksTestExecutionListener@29a60c27, org.springframework.boot.test.autoconfigure.restdocs.RestDocsTestExecutionListener@1849db1a, org.springframework.boot.test.autoconfigure.web.client.MockRestServiceServerResetTestExecutionListener@69c79f09, org.springframework.boot.test.autoconfigure.web.servlet.MockMvcPrintOnlyOnFailureTestExecutionListener@1ca25c47, org.springframework.boot.test.autoconfigure.web.servlet.WebDriverTestExecutionListener@5fcacc0, org.springframework.boot.test.autoconfigure.webservices.client.MockWebServiceServerTestExecutionListener@533b266e]
2021-11-05 15:31:57 - Starting FlightreservationApplicationTests using Java 16.0.2 on DESKTOP-16E3TAA with PID 17956 (started by P1025ZPH1 in C:\Users\P1025ZPH1\Documents\workspace-spring-tool-suite-4-4.12.0.RELEASE\flightreservation)
2021-11-05 15:31:57 - No active profile set, falling back to default profiles: default
2021-11-05 15:32:01 - Bootstrapping Spring Data JPA repositories in DEFAULT mode.
2021-11-05 15:32:01 - Finished Spring Data repository scanning in 239 ms. Found 5 JPA repository interfaces.
2021-11-05 15:32:03 - HikariPool-1 - Starting...
2021-11-05 15:32:04 - HikariPool-1 - Start completed.
2021-11-05 15:32:04 - HHH000204: Processing PersistenceUnitInfo [name: default]
2021-11-05 15:32:05 - HHH000412: Hibernate ORM core version 5.4.32.Final
2021-11-05 15:32:05 - HCANN000001: Hibernate Commons Annotations {5.1.2.Final}
2021-11-05 15:32:06 - HHH000400: Using dialect: org.hibernate.dialect.MySQL8Dialect
2021-11-05 15:32:09 - HHH000490: Using JtaPlatform implementation: [org.hibernate.engine.transaction.jta.platform.internal.NoJtaPlatform]
2021-11-05 15:32:09 - Initialized JPA EntityManagerFactory for persistence unit 'default'
2021-11-05 15:32:11 - spring.jpa.open-in-view is enabled by default. Therefore, database queries may be performed during view rendering. Explicitly configure spring.jpa.open-in-view to disable this warning
2021-11-05 15:32:12 - Will secure any request with [org.springframework.security.web.context.request.async.WebAsyncManagerIntegrationFilter@576a8b00, org.springframework.security.web.context.SecurityContextPersistenceFilter@6e664075, org.springframework.security.web.header.HeaderWriterFilter@173b24c4, org.springframework.security.web.authentication.logout.LogoutFilter@24888d8b, org.springframework.security.web.savedrequest.RequestCacheAwareFilter@d60cbad, org.springframework.security.web.servletapi.SecurityContextHolderAwareRequestFilter@45482f82, org.springframework.security.web.authentication.AnonymousAuthenticationFilter@1d988297, org.springframework.security.web.session.SessionManagementFilter@2cfd9b0a, org.springframework.security.web.access.ExceptionTranslationFilter@6f071d0c, org.springframework.security.web.access.intercept.FilterSecurityInterceptor@1aebe759]
2021-11-05 15:32:14 - Adding welcome page: ServletContext resource [/index.html]
2021-11-05 15:32:16 - Started FlightreservationApplicationTests in 19.065 seconds (JVM running for 23.812)
2021-11-05 15:32:17 - Closing JPA EntityManagerFactory for persistence unit 'default'
2021-11-05 15:32:17 - HikariPool-1 - Shutdown initiated...
2021-11-05 15:32:17 - HikariPool-1 - Shutdown completed.
2021-11-05 15:34:28 - Neither @ContextConfiguration nor @ContextHierarchy found for test class [com.bharath.flightreservation.FlightreservationApplicationTests], using SpringBootContextLoader
2021-11-05 15:34:28 - Could not detect default resource locations for test class [com.bharath.flightreservation.FlightreservationApplicationTests]: no resource found for suffixes {-context.xml, Context.groovy}.
2021-11-05 15:34:28 - Could not detect default configuration classes for test class [com.bharath.flightreservation.FlightreservationApplicationTests]: FlightreservationApplicationTests does not declare any static, non-private, non-final, nested classes annotated with @Configuration.
2021-11-05 15:34:28 - Found @SpringBootConfiguration com.bharath.flightreservation.FlightreservationApplication for test class com.bharath.flightreservation.FlightreservationApplicationTests
2021-11-05 15:34:29 - Loaded default TestExecutionListener class names from location [META-INF/spring.factories]: [org.springframework.boot.test.mock.mockito.MockitoTestExecutionListener, org.springframework.boot.test.mock.mockito.ResetMocksTestExecutionListener, org.springframework.boot.test.autoconfigure.restdocs.RestDocsTestExecutionListener, org.springframework.boot.test.autoconfigure.web.client.MockRestServiceServerResetTestExecutionListener, org.springframework.boot.test.autoconfigure.web.servlet.MockMvcPrintOnlyOnFailureTestExecutionListener, org.springframework.boot.test.autoconfigure.web.servlet.WebDriverTestExecutionListener, org.springframework.boot.test.autoconfigure.webservices.client.MockWebServiceServerTestExecutionListener, org.springframework.test.context.web.ServletTestExecutionListener, org.springframework.test.context.support.DirtiesContextBeforeModesTestExecutionListener, org.springframework.test.context.event.ApplicationEventsTestExecutionListener, org.springframework.test.context.support.DependencyInjectionTestExecutionListener, org.springframework.test.context.support.DirtiesContextTestExecutionListener, org.springframework.test.context.transaction.TransactionalTestExecutionListener, org.springframework.test.context.jdbc.SqlScriptsTestExecutionListener, org.springframework.test.context.event.EventPublishingTestExecutionListener]
2021-11-05 15:34:29 - Using TestExecutionListeners: [org.springframework.test.context.web.ServletTestExecutionListener@5f2606b, org.springframework.test.context.support.DirtiesContextBeforeModesTestExecutionListener@2b58f754, org.springframework.test.context.event.ApplicationEventsTestExecutionListener@3ebff828, org.springframework.boot.test.mock.mockito.MockitoTestExecutionListener@2552f2cb, org.springframework.boot.test.autoconfigure.SpringBootDependencyInjectionTestExecutionListener@33352f32, org.springframework.test.context.support.DirtiesContextTestExecutionListener@5f3b9c57, org.springframework.test.context.transaction.TransactionalTestExecutionListener@1e044120, org.springframework.test.context.jdbc.SqlScriptsTestExecutionListener@2cf23c81, org.springframework.test.context.event.EventPublishingTestExecutionListener@3624da92, org.springframework.boot.test.mock.mockito.ResetMocksTestExecutionListener@35fe2125, org.springframework.boot.test.autoconfigure.restdocs.RestDocsTestExecutionListener@94f6bfb, org.springframework.boot.test.autoconfigure.web.client.MockRestServiceServerResetTestExecutionListener@34645867, org.springframework.boot.test.autoconfigure.web.servlet.MockMvcPrintOnlyOnFailureTestExecutionListener@2484f433, org.springframework.boot.test.autoconfigure.web.servlet.WebDriverTestExecutionListener@60b71e8f, org.springframework.boot.test.autoconfigure.webservices.client.MockWebServiceServerTestExecutionListener@1255b1d1]
2021-11-05 15:34:29 - Starting FlightreservationApplicationTests using Java 16.0.2 on DESKTOP-16E3TAA with PID 9968 (started by P1025ZPH1 in C:\Users\P1025ZPH1\Documents\workspace-spring-tool-suite-4-4.12.0.RELEASE\flightreservation)
2021-11-05 15:34:29 - No active profile set, falling back to default profiles: default
2021-11-05 15:34:31 - Bootstrapping Spring Data JPA repositories in DEFAULT mode.
2021-11-05 15:34:31 - Finished Spring Data repository scanning in 160 ms. Found 5 JPA repository interfaces.
2021-11-05 15:34:33 - HikariPool-1 - Starting...
2021-11-05 15:34:34 - HikariPool-1 - Start completed.
2021-11-05 15:34:34 - HHH000204: Processing PersistenceUnitInfo [name: default]
2021-11-05 15:34:35 - HHH000412: Hibernate ORM core version 5.4.32.Final
2021-11-05 15:34:35 - HCANN000001: Hibernate Commons Annotations {5.1.2.Final}
2021-11-05 15:34:36 - HHH000400: Using dialect: org.hibernate.dialect.MySQL8Dialect
2021-11-05 15:34:37 - HHH000490: Using JtaPlatform implementation: [org.hibernate.engine.transaction.jta.platform.internal.NoJtaPlatform]
2021-11-05 15:34:37 - Initialized JPA EntityManagerFactory for persistence unit 'default'
2021-11-05 15:34:39 - spring.jpa.open-in-view is enabled by default. Therefore, database queries may be performed during view rendering. Explicitly configure spring.jpa.open-in-view to disable this warning
2021-11-05 15:34:40 - Will secure any request with [org.springframework.security.web.context.request.async.WebAsyncManagerIntegrationFilter@28befd62, org.springframework.security.web.context.SecurityContextPersistenceFilter@24888d8b, org.springframework.security.web.header.HeaderWriterFilter@3f12676, org.springframework.security.web.authentication.logout.LogoutFilter@5e25085, org.springframework.security.web.savedrequest.RequestCacheAwareFilter@eaa07bb, org.springframework.security.web.servletapi.SecurityContextHolderAwareRequestFilter@6693818c, org.springframework.security.web.authentication.AnonymousAuthenticationFilter@10f60e36, org.springframework.security.web.session.SessionManagementFilter@29088be1, org.springframework.security.web.access.ExceptionTranslationFilter@3fcb737, org.springframework.security.web.access.intercept.FilterSecurityInterceptor@7683d632]
2021-11-05 15:34:42 - Adding welcome page: ServletContext resource [/index.html]
2021-11-05 15:34:42 - Started FlightreservationApplicationTests in 13.414 seconds (JVM running for 15.983)
2021-11-05 15:34:43 - Closing JPA EntityManagerFactory for persistence unit 'default'
2021-11-05 15:34:43 - HikariPool-1 - Shutdown initiated...
2021-11-05 15:34:43 - HikariPool-1 - Shutdown completed.
